# JRE version: Java(TM) SE Runtime Environment (8.0_131-b11) (build 1.8.0_131-b11)
# Java VM: Java HotSpot(TM) 64-Bit Server VM (25.131-b11 mixed mode windows-amd64 compressed oops)
Heap:
 PSYoungGen      total 188928K, used 135197K [0x000000076e100000, 0x000000077c100000, 0x00000007c0000000)
  eden space 184832K, 71% used [0x000000076e100000,0x000000077612f230,0x0000000779580000)
  from space 4096K, 96% used [0x000000077bd00000,0x000000077c0d8380,0x000000077c100000)
  to   space 15360K, 0% used [0x000000077a300000,0x000000077a300000,0x000000077b200000)
 ParOldGen       total 161792K, used 55419K [0x00000006ca200000, 0x00000006d4000000, 0x000000076e100000)
  object space 161792K, 34% used [0x00000006ca200000,0x00000006cd81eed8,0x00000006d4000000)
 Metaspace       used 54088K, capacity 57318K, committed 57600K, reserved 1099776K
  class space    used 7278K, capacity 7840K, committed 7936K, reserved 1048576K
GC Heap History (10 events):
Event: 27100.294 GC heap before
{Heap before GC invocations=26 (full 2):
 PSYoungGen      total 226816K, used 226530K [0x000000076e100000, 0x000000077e180000, 0x00000007c0000000)
  eden space 215040K, 100% used [0x000000076e100000,0x000000077b300000,0x000000077b300000)
  from space 11776K, 97% used [0x000000077ce00000,0x000000077d938b00,0x000000077d980000)
  to   space 8192K, 0% used [0x000000077d980000,0x000000077d980000,0x000000077e180000)
 ParOldGen       total 161792K, used 48427K [0x00000006ca200000, 0x00000006d4000000, 0x000000076e100000)
  object space 161792K, 29% used [0x00000006ca200000,0x00000006cd14ae70,0x00000006d4000000)
 Metaspace       used 54082K, capacity 57318K, committed 57600K, reserved 1099776K
  class space    used 7277K, capacity 7840K, committed 7936K, reserved 1048576K
Event: 27100.304 GC heap after
Heap after GC invocations=26 (full 2):
 PSYoungGen      total 216576K, used 8161K [0x000000076e100000, 0x000000077e180000, 0x00000007c0000000)
  eden space 208384K, 0% used [0x000000076e100000,0x000000076e100000,0x000000077ac80000)
  from space 8192K, 99% used [0x000000077d980000,0x000000077e178430,0x000000077e180000)
  to   space 14336K, 0% used [0x000000077c580000,0x000000077c580000,0x000000077d380000)
 ParOldGen       total 161792K, used 50167K [0x00000006ca200000, 0x00000006d4000000, 0x000000076e100000)
  object space 161792K, 31% used [0x00000006ca200000,0x00000006cd2fdeb0,0x00000006d4000000)
 Metaspace       used 54082K, capacity 57318K, committed 57600K, reserved 1099776K
  class space    used 7277K, capacity 7840K, committed 7936K, reserved 1048576K
}
Event: 29045.645 GC heap before
{Heap before GC invocations=27 (full 2):
 PSYoungGen      total 216576K, used 216545K [0x000000076e100000, 0x000000077e180000, 0x00000007c0000000)
  eden space 208384K, 100% used [0x000000076e100000,0x000000077ac80000,0x000000077ac80000)
  from space 8192K, 99% used [0x000000077d980000,0x000000077e178430,0x000000077e180000)
  to   space 14336K, 0% used [0x000000077c580000,0x000000077c580000,0x000000077d380000)
 ParOldGen       total 161792K, used 50167K [0x00000006ca200000, 0x00000006d4000000, 0x000000076e100000)
  object space 161792K, 31% used [0x00000006ca200000,0x00000006cd2fdeb0,0x00000006d4000000)
 Metaspace       used 54082K, capacity 57318K, committed 57600K, reserved 1099776K
  class space    used 7277K, capacity 7840K, committed 7936K, reserved 1048576K
Event: 29045.657 GC heap after
Heap after GC invocations=27 (full 2):
 PSYoungGen      total 206336K, used 3952K [0x000000076e100000, 0x000000077da00000, 0x00000007c0000000)
  eden space 202240K, 0% used [0x000000076e100000,0x000000076e100000,0x000000077a680000)
  from space 4096K, 96% used [0x000000077c580000,0x000000077c95c3d0,0x000000077c980000)
  to   space 14848K, 0% used [0x000000077cb80000,0x000000077cb80000,0x000000077da00000)
 ParOldGen       total 161792K, used 55395K [0x00000006ca200000, 0x00000006d4000000, 0x000000076e100000)
  object space 161792K, 34% used [0x00000006ca200000,0x00000006cd818ed8,0x00000006d4000000)
 Metaspace       used 54082K, capacity 57318K, committed 57600K, reserved 1099776K
  class space    used 7277K, capacity 7840K, committed 7936K, reserved 1048576K
}
Event: 33809.100 GC heap before
{Heap before GC invocations=28 (full 2):
 PSYoungGen      total 206336K, used 206192K [0x000000076e100000, 0x000000077da00000, 0x00000007c0000000)
  eden space 202240K, 100% used [0x000000076e100000,0x000000077a680000,0x000000077a680000)
  from space 4096K, 96% used [0x000000077c580000,0x000000077c95c3d0,0x000000077c980000)
  to   space 14848K, 0% used [0x000000077cb80000,0x000000077cb80000,0x000000077da00000)
 ParOldGen       total 161792K, used 55395K [0x00000006ca200000, 0x00000006d4000000, 0x000000076e100000)
  object space 161792K, 34% used [0x00000006ca200000,0x00000006cd818ed8,0x00000006d4000000)
 Metaspace       used 54086K, capacity 57318K, committed 57600K, reserved 1099776K
  class space    used 7277K, capacity 7840K, committed 7936K, reserved 1048576K
Event: 33809.107 GC heap after
Heap after GC invocations=28 (full 2):
 PSYoungGen      total 200704K, used 4513K [0x000000076e100000, 0x000000077d000000, 0x00000007c0000000)
  eden space 196096K, 0% used [0x000000076e100000,0x000000076e100000,0x000000077a080000)
  from space 4608K, 97% used [0x000000077cb80000,0x000000077cfe8400,0x000000077d000000)
  to   space 15360K, 0% used [0x000000077b200000,0x000000077b200000,0x000000077c100000)
 ParOldGen       total 161792K, used 55403K [0x00000006ca200000, 0x00000006d4000000, 0x000000076e100000)
  object space 161792K, 34% used [0x00000006ca200000,0x00000006cd81aed8,0x00000006d4000000)
 Metaspace       used 54086K, capacity 57318K, committed 57600K, reserved 1099776K
  class space    used 7277K, capacity 7840K, committed 7936K, reserved 1048576K
}
Event: 35626.643 GC heap before
{Heap before GC invocations=29 (full 2):
 PSYoungGen      total 200704K, used 200609K [0x000000076e100000, 0x000000077d000000, 0x00000007c0000000)
  eden space 196096K, 100% used [0x000000076e100000,0x000000077a080000,0x000000077a080000)
  from space 4608K, 97% used [0x000000077cb80000,0x000000077cfe8400,0x000000077d000000)
  to   space 15360K, 0% used [0x000000077b200000,0x000000077b200000,0x000000077c100000)
 ParOldGen       total 161792K, used 55403K [0x00000006ca200000, 0x00000006d4000000, 0x000000076e100000)
  object space 161792K, 34% used [0x00000006ca200000,0x00000006cd81aed8,0x00000006d4000000)
 Metaspace       used 54088K, capacity 57318K, committed 57600K, reserved 1099776K
  class space    used 7278K, capacity 7840K, committed 7936K, reserved 1048576K
Event: 35626.652 GC heap after
Heap after GC invocations=29 (full 2):
 PSYoungGen      total 194560K, used 4080K [0x000000076e100000, 0x000000077cc00000, 0x00000007c0000000)
  eden space 190464K, 0% used [0x000000076e100000,0x000000076e100000,0x0000000779b00000)
  from space 4096K, 99% used [0x000000077b200000,0x000000077b5fc370,0x000000077b600000)
  to   space 15360K, 0% used [0x000000077bd00000,0x000000077bd00000,0x000000077cc00000)
 ParOldGen       total 161792K, used 55411K [0x00000006ca200000, 0x00000006d4000000, 0x000000076e100000)
  object space 161792K, 34% used [0x00000006ca200000,0x00000006cd81ced8,0x00000006d4000000)
 Metaspace       used 54088K, capacity 57318K, committed 57600K, reserved 1099776K
  class space    used 7278K, capacity 7840K, committed 7936K, reserved 1048576K
}
Event: 37410.652 GC heap before
{Heap before GC invocations=30 (full 2):
 PSYoungGen      total 194560K, used 194544K [0x000000076e100000, 0x000000077cc00000, 0x00000007c0000000)
  eden space 190464K, 100% used [0x000000076e100000,0x0000000779b00000,0x0000000779b00000)
  from space 4096K, 99% used [0x000000077b200000,0x000000077b5fc370,0x000000077b600000)
  to   space 15360K, 0% used [0x000000077bd00000,0x000000077bd00000,0x000000077cc00000)
 ParOldGen       total 161792K, used 55411K [0x00000006ca200000, 0x00000006d4000000, 0x000000076e100000)
  object space 161792K, 34% used [0x00000006ca200000,0x00000006cd81ced8,0x00000006d4000000)
 Metaspace       used 54088K, capacity 57318K, committed 57600K, reserved 1099776K
  class space    used 7278K, capacity 7840K, committed 7936K, reserved 1048576K
Event: 37410.660 GC heap after
Heap after GC invocations=30 (full 2):
 PSYoungGen      total 188928K, used 3936K [0x000000076e100000, 0x000000077c100000, 0x00000007c0000000)
  eden space 184832K, 0% used [0x000000076e100000,0x000000076e100000,0x0000000779580000)
  from space 4096K, 96% used [0x000000077bd00000,0x000000077c0d8380,0x000000077c100000)
  to   space 15360K, 0% used [0x000000077a300000,0x000000077a300000,0x000000077b200000)
 ParOldGen       total 161792K, used 55419K [0x00000006ca200000, 0x00000006d4000000, 0x000000076e100000)
  object space 161792K, 34% used [0x00000006ca200000,0x00000006cd81eed8,0x00000006d4000000)
 Metaspace       used 54088K, capacity 57318K, committed 57600K, reserved 1099776K
  class space    used 7278K, capacity 7840K, committed 7936K, reserved 1048576K
}

